<?xml version="1.0" encoding="UTF-8"?>
<!-- Generated by org.testng.reporters.JUnitXMLReporter -->
<testsuite ignored="0" hostname="DESKTOP-PLL7C4R" failures="0" tests="5" name="Default test" time="0.077" errors="0" timestamp="2023-04-30T11:45:46 IST">
  <testcase classname="day06.Program05" name="testCases01" time="0.009"/>
  <testcase classname="day06.Program05" name="testCases02" time="0.002"/>
  <testcase classname="day06.Program05" name="testCases03" time="0.002"/>
  <testcase classname="day06.Program05" name="testCases04" time="0.002"/>
  <testcase classname="day06.Program05" name="testCases05" time="0.002"/>
</testsuite> <!-- Default test -->
