<?xml version="1.0" encoding="UTF-8"?>
<!-- Generated by org.testng.reporters.JUnitXMLReporter -->
<testsuite ignored="15" hostname="DESKTOP-PLL7C4R" failures="0" tests="1" name="Test" time="0.062" errors="0" timestamp="2023-05-02T18:43:54 IST">
  <testcase classname="day07.Program01" name="testcase08" time="0.014"/>
  <testcase classname="day07.Program01" name="testcase01" time="0.0">
    <ignored/>
  </testcase> <!-- testcase01 -->
  <testcase classname="day07.Program01" name="testcase04" time="0.0">
    <ignored/>
  </testcase> <!-- testcase04 -->
  <testcase classname="day07.Program02" name="testcase05" time="0.0">
    <ignored/>
  </testcase> <!-- testcase05 -->
  <testcase classname="day07.Program01" name="testcase02" time="0.0">
    <ignored/>
  </testcase> <!-- testcase02 -->
  <testcase classname="day07.Program02" name="testcase03" time="0.0">
    <ignored/>
  </testcase> <!-- testcase03 -->
  <testcase classname="day07.Program01" name="testcase05" time="0.0">
    <ignored/>
  </testcase> <!-- testcase05 -->
  <testcase classname="day07.Program02" name="testcase04" time="0.0">
    <ignored/>
  </testcase> <!-- testcase04 -->
  <testcase classname="day07.Program01" name="testcase03" time="0.0">
    <ignored/>
  </testcase> <!-- testcase03 -->
  <testcase classname="day07.Program02" name="testcase02" time="0.0">
    <ignored/>
  </testcase> <!-- testcase02 -->
  <testcase classname="day07.Program01" name="testcase06" time="0.0">
    <ignored/>
  </testcase> <!-- testcase06 -->
  <testcase classname="day07.Program02" name="testcase07" time="0.0">
    <ignored/>
  </testcase> <!-- testcase07 -->
  <testcase classname="day07.Program02" name="testcase08" time="0.0">
    <ignored/>
  </testcase> <!-- testcase08 -->
  <testcase classname="day07.Program01" name="testcase07" time="0.0">
    <ignored/>
  </testcase> <!-- testcase07 -->
  <testcase classname="day07.Program02" name="testcase06" time="0.0">
    <ignored/>
  </testcase> <!-- testcase06 -->
  <testcase classname="day07.Program02" name="testcase01" time="0.0">
    <ignored/>
  </testcase> <!-- testcase01 -->
</testsuite> <!-- Test -->
