<?xml version="1.0" encoding="UTF-8"?>
<testng-results ignored="7" total="10" passed="3" failed="0" skipped="0">
  <reporter-output>
  </reporter-output>
  <suite started-at="2023-04-30T12:12:13 IST" name="Suite" finished-at="2023-04-30T12:12:13 IST" duration-ms="71">
    <groups>
    </groups>
    <test started-at="2023-04-30T12:12:13 IST" name="Test" finished-at="2023-04-30T12:12:13 IST" duration-ms="71">
      <class name="day06.Program06">
        <test-method signature="testCases02()[pri:0, instance:day06.Program06@5e0826e7]" started-at="2023-04-30T12:12:13 IST" name="testCases02" finished-at="2023-04-30T12:12:13 IST" duration-ms="2" status="PASS">
          <reporter-output>
          </reporter-output>
        </test-method> <!-- testCases02 -->
      </class> <!-- day06.Program06 -->
      <class name="day06.Program01">
        <test-method signature="testCases04()[pri:0, instance:day06.Program01@4d9e68d0]" started-at="2023-04-30T12:12:13 IST" name="testCases04" finished-at="2023-04-30T12:12:13 IST" duration-ms="14" status="PASS">
          <reporter-output>
          </reporter-output>
        </test-method> <!-- testCases04 -->
        <test-method signature="testCases02()[pri:0, instance:day06.Program01@4d9e68d0]" started-at="2023-04-30T12:12:13 IST" name="testCases02" finished-at="2023-04-30T12:12:13 IST" duration-ms="2" status="PASS">
          <reporter-output>
          </reporter-output>
        </test-method> <!-- testCases02 -->
      </class> <!-- day06.Program01 -->
    </test> <!-- Test -->
  </suite> <!-- Suite -->
</testng-results>
