<?xml version="1.0" encoding="UTF-8"?>
<!-- Generated by org.testng.reporters.JUnitReportReporter -->
<testsuite hostname="DESKTOP-PLL7C4R" failures="0" tests="8" name="day07.Program02" time="0.013" errors="0" timestamp="2023-05-02T18:42:24 IST" skipped="0">
  <testcase classname="day07.Program02" name="testcase02" time="0.002"/>
  <system-out/>
  <testcase classname="day07.Program02" name="testcase07" time="0.002"/>
  <system-out/>
  <testcase classname="day07.Program02" name="testcase03" time="0.001"/>
  <system-out/>
  <testcase classname="day07.Program02" name="testcase06" time="0.002"/>
  <system-out/>
  <testcase classname="day07.Program02" name="testcase04" time="0.002"/>
  <system-out/>
  <testcase classname="day07.Program02" name="testcase01" time="0.001"/>
  <system-out/>
  <testcase classname="day07.Program02" name="testcase08" time="0.001"/>
  <system-out/>
  <testcase classname="day07.Program02" name="testcase05" time="0.002"/>
  <system-out/>
</testsuite> <!-- day07.Program02 -->
