<?xml version="1.0" encoding="UTF-8"?>
<!-- Generated by org.testng.reporters.JUnitReportReporter -->
<testsuite hostname="DESKTOP-PLL7C4R" failures="0" tests="5" name="day06.Program07" time="0.016" errors="0" timestamp="2023-04-30T11:51:30 IST" skipped="0">
  <testcase classname="day06.Program07" name="testCases09" time="0.012"/>
  <system-out/>
  <testcase classname="day06.Program07" name="testCases10" time="0.001"/>
  <system-out/>
  <testcase classname="day06.Program07" name="testCases07" time="0.001"/>
  <system-out/>
  <testcase classname="day06.Program07" name="testCases08" time="0.001"/>
  <system-out/>
  <testcase classname="day06.Program07" name="testCases06" time="0.001"/>
  <system-out/>
</testsuite> <!-- day06.Program07 -->
