<?xml version="1.0" encoding="UTF-8"?>
<!-- Generated by org.testng.reporters.JUnitReportReporter -->
<testsuite hostname="DESKTOP-PLL7C4R" failures="0" tests="5" name="day06.Program03" time="0.017" errors="0" timestamp="2023-04-30T11:29:47 IST" skipped="2">
  <testcase classname="day06.Program03" name="testCases02" time="0.002"/>
  <system-out/>
  <testcase classname="day06.Program03" name="testCases01" time="0.014"/>
  <system-out/>
  <testcase classname="day06.Program03" name="testCases03" time="0.001"/>
  <system-out/>
  <testcase classname="day06.Program03" name="testCases04">
    <skipped/>
  </testcase> <!-- testCases04 -->
  <system-out/>
  <testcase classname="day06.Program03" name="testCases05">
    <skipped/>
  </testcase> <!-- testCases05 -->
  <system-out/>
</testsuite> <!-- day06.Program03 -->
