<?xml version="1.0" encoding="UTF-8"?>
<!-- Generated by org.testng.reporters.JUnitReportReporter -->
<testsuite hostname="DESKTOP-PLL7C4R" failures="0" tests="5" name="day06.Program05" time="0.017" errors="0" timestamp="2023-04-30T11:45:46 IST" skipped="0">
  <testcase classname="day06.Program05" name="testCases05" time="0.002"/>
  <system-out/>
  <testcase classname="day06.Program05" name="testCases01" time="0.009"/>
  <system-out/>
  <testcase classname="day06.Program05" name="testCases04" time="0.002"/>
  <system-out/>
  <testcase classname="day06.Program05" name="testCases03" time="0.002"/>
  <system-out/>
  <testcase classname="day06.Program05" name="testCases02" time="0.002"/>
  <system-out/>
</testsuite> <!-- day06.Program05 -->
